0 info it worked if it ends with ok
1 verbose cli [ 'node',
1 verbose cli   '/usr/local/bin/npm',
1 verbose cli   'install',
1 verbose cli   'session-express',
1 verbose cli   '-save' ]
2 info using npm@1.4.28
3 info using node@v0.10.35
4 verbose readDependencies using package.json deps
5 verbose cache add [ 'session-express', null ]
6 verbose cache add name=undefined spec="session-express" args=["session-express",null]
7 verbose parsed url { protocol: null,
7 verbose parsed url   slashes: null,
7 verbose parsed url   auth: null,
7 verbose parsed url   host: null,
7 verbose parsed url   port: null,
7 verbose parsed url   hostname: null,
7 verbose parsed url   hash: null,
7 verbose parsed url   search: null,
7 verbose parsed url   query: null,
7 verbose parsed url   pathname: 'session-express',
7 verbose parsed url   path: 'session-express',
7 verbose parsed url   href: 'session-express' }
8 silly lockFile eec1e4ba-session-express session-express
9 verbose lock session-express /Users/walterzimmerman/.npm/eec1e4ba-session-express.lock
10 silly lockFile eec1e4ba-session-express session-express
11 silly lockFile eec1e4ba-session-express session-express
12 verbose addNamed [ 'session-express', '' ]
13 verbose addNamed [ null, '*' ]
14 silly lockFile a4c80da0-session-express session-express@
15 verbose lock session-express@ /Users/walterzimmerman/.npm/a4c80da0-session-express.lock
16 silly addNameRange { name: 'session-express', range: '*', hasData: false }
17 verbose request where is /session-express
18 verbose request registry https://registry.npmjs.org/
19 verbose request id bd72c75d53e489f7
20 verbose url raw /session-express
21 verbose url resolving [ 'https://registry.npmjs.org/', './session-express' ]
22 verbose url resolved https://registry.npmjs.org/session-express
23 verbose request where is https://registry.npmjs.org/session-express
24 info trying registry request attempt 1 at 17:42:24
25 http GET https://registry.npmjs.org/session-express
26 http 404 https://registry.npmjs.org/session-express
27 verbose headers { date: 'Wed, 11 Mar 2015 00:42:24 GMT',
27 verbose headers   server: 'CouchDB/1.5.0 (Erlang OTP/R16B03)',
27 verbose headers   'content-type': 'application/json',
27 verbose headers   'cache-control': 'max-age=0',
27 verbose headers   'content-length': '52',
27 verbose headers   'accept-ranges': 'bytes',
27 verbose headers   via: '1.1 varnish',
27 verbose headers   age: '0',
27 verbose headers   'x-served-by': 'cache-lax1433-LAX',
27 verbose headers   'x-cache': 'MISS',
27 verbose headers   'x-cache-hits': '0',
27 verbose headers   'x-timer': 'S1426034544.234235,VS0,VE306',
27 verbose headers   'keep-alive': 'timeout=10, max=50',
27 verbose headers   connection: 'Keep-Alive' }
28 silly registry.get cb [ 404,
28 silly registry.get   { date: 'Wed, 11 Mar 2015 00:42:24 GMT',
28 silly registry.get     server: 'CouchDB/1.5.0 (Erlang OTP/R16B03)',
28 silly registry.get     'content-type': 'application/json',
28 silly registry.get     'cache-control': 'max-age=0',
28 silly registry.get     'content-length': '52',
28 silly registry.get     'accept-ranges': 'bytes',
28 silly registry.get     via: '1.1 varnish',
28 silly registry.get     age: '0',
28 silly registry.get     'x-served-by': 'cache-lax1433-LAX',
28 silly registry.get     'x-cache': 'MISS',
28 silly registry.get     'x-cache-hits': '0',
28 silly registry.get     'x-timer': 'S1426034544.234235,VS0,VE306',
28 silly registry.get     'keep-alive': 'timeout=10, max=50',
28 silly registry.get     connection: 'Keep-Alive' } ]
29 silly lockFile a4c80da0-session-express session-express@
30 silly lockFile a4c80da0-session-express session-express@
31 error 404 404 Not Found: session-express
31 error 404
31 error 404 'session-express' is not in the npm registry.
31 error 404 You should bug the author to publish it
31 error 404 It was specified as a dependency of 'simple-chat'
31 error 404
31 error 404 Note that you can also install from a
31 error 404 tarball, folder, or http url, or git url.
32 error System Darwin 14.1.0
33 error command "node" "/usr/local/bin/npm" "install" "session-express" "-save"
34 error cwd /Users/walterzimmerman/Desktop/production/simple-chat
35 error node -v v0.10.35
36 error npm -v 1.4.28
37 error code E404
38 verbose exit [ 1, true ]
